<?xml version="1.0" encoding="UTF-8"?>
<!-- Generated by org.testng.reporters.JUnitXMLReporter -->
<testsuite ignored="0" hostname="DESKTOP-M8VMPS5" failures="2" tests="5" name="MasterSuite" time="65.189" errors="0" timestamp="2024-08-07T16:35:36 IST">
  <testcase classname="testCases.TC003_LoginDataDrivenTest" name="verify_loginDDT" time="10.259"/>
  <testcase classname="testCases.TC003_LoginDataDrivenTest" name="verify_loginDDT" time="2.271">
    <failure type="java.lang.AssertionError" message="expected [true] but found [false]">
      <![CDATA[java.lang.AssertionError: expected [true] but found [false]
at testCases.TC003_LoginDataDrivenTest.verify_loginDDT(TC003_LoginDataDrivenTest.java:63)
at java.base/java.util.ArrayList.forEach(ArrayList.java:1511)
... Removed 31 stack frames]]>
    </failure>
  </testcase> <!-- verify_loginDDT -->
  <testcase classname="testCases.TC003_LoginDataDrivenTest" name="verify_loginDDT" time="3.638">
    <failure type="java.lang.AssertionError" message="expected [true] but found [false]">
      <![CDATA[java.lang.AssertionError: expected [true] but found [false]
at testCases.TC003_LoginDataDrivenTest.verify_loginDDT(TC003_LoginDataDrivenTest.java:63)
at java.base/java.util.ArrayList.forEach(ArrayList.java:1511)
... Removed 31 stack frames]]>
    </failure>
  </testcase> <!-- verify_loginDDT -->
  <testcase classname="testCases.TC003_LoginDataDrivenTest" name="verify_loginDDT" time="16.603"/>
  <testcase classname="testCases.TC003_LoginDataDrivenTest" name="verify_loginDDT" time="2.782"/>
</testsuite> <!-- MasterSuite -->
