<?xml version="1.0" encoding="UTF-8"?>
<testng-results ignored="0" total="3" passed="3" failed="0" skipped="0">
  <reporter-output>
  </reporter-output>
  <suite started-at="2024-08-06T19:50:39 IST" name="Suite" finished-at="2024-08-06T19:51:11 IST" duration-ms="32167">
    <groups>
    </groups>
    <test started-at="2024-08-06T19:50:39 IST" name="Test1" finished-at="2024-08-06T19:51:10 IST" duration-ms="31276">
      <class name="testCases.TC001_AccountRegistrationTest">
        <test-method is-config="true" signature="setup(java.lang.String,java.lang.String)[pri:0, instance:testCases.TC001_AccountRegistrationTest@5d8445d7]" started-at="2024-08-06T19:50:39 IST" name="setup" finished-at="2024-08-06T19:50:59 IST" duration-ms="20091" status="PASS">
          <params>
            <param index="0">
              <value>
                <![CDATA[windows]]>
              </value>
            </param>
            <param index="1">
              <value>
                <![CDATA[chrome]]>
              </value>
            </param>
          </params>
          <reporter-output>
          </reporter-output>
        </test-method> <!-- setup -->
        <test-method signature="verifyAccountRegistration()[pri:0, instance:testCases.TC001_AccountRegistrationTest@5d8445d7]" started-at="2024-08-06T19:50:59 IST" name="verifyAccountRegistration" finished-at="2024-08-06T19:51:05 IST" duration-ms="6048" status="PASS">
          <reporter-output>
          </reporter-output>
        </test-method> <!-- verifyAccountRegistration -->
        <test-method is-config="true" signature="tearDown()[pri:0, instance:testCases.TC001_AccountRegistrationTest@5d8445d7]" started-at="2024-08-06T19:51:05 IST" name="tearDown" finished-at="2024-08-06T19:51:10 IST" duration-ms="5038" status="PASS">
          <reporter-output>
          </reporter-output>
        </test-method> <!-- tearDown -->
      </class> <!-- testCases.TC001_AccountRegistrationTest -->
    </test> <!-- Test1 -->
    <test started-at="2024-08-06T19:50:39 IST" name="Test2" finished-at="2024-08-06T19:51:10 IST" duration-ms="31276">
      <class name="testCases.TC001_AccountRegistrationTest">
        <test-method is-config="true" signature="setup(java.lang.String,java.lang.String)[pri:0, instance:testCases.TC001_AccountRegistrationTest@7dac3fd8]" started-at="2024-08-06T19:50:39 IST" name="setup" finished-at="2024-08-06T19:51:00 IST" duration-ms="21105" status="PASS">
          <params>
            <param index="0">
              <value>
                <![CDATA[windows]]>
              </value>
            </param>
            <param index="1">
              <value>
                <![CDATA[chrome]]>
              </value>
            </param>
          </params>
          <reporter-output>
          </reporter-output>
        </test-method> <!-- setup -->
        <test-method signature="verifyAccountRegistration()[pri:0, instance:testCases.TC001_AccountRegistrationTest@7dac3fd8]" started-at="2024-08-06T19:51:00 IST" name="verifyAccountRegistration" finished-at="2024-08-06T19:51:06 IST" duration-ms="5487" status="PASS">
          <reporter-output>
          </reporter-output>
        </test-method> <!-- verifyAccountRegistration -->
        <test-method is-config="true" signature="tearDown()[pri:0, instance:testCases.TC001_AccountRegistrationTest@7dac3fd8]" started-at="2024-08-06T19:51:06 IST" name="tearDown" finished-at="2024-08-06T19:51:10 IST" duration-ms="4606" status="PASS">
          <reporter-output>
          </reporter-output>
        </test-method> <!-- tearDown -->
      </class> <!-- testCases.TC001_AccountRegistrationTest -->
    </test> <!-- Test2 -->
    <test started-at="2024-08-06T19:50:39 IST" name="Test3" finished-at="2024-08-06T19:51:11 IST" duration-ms="32165">
      <class name="testCases.TC001_AccountRegistrationTest">
        <test-method is-config="true" signature="setup(java.lang.String,java.lang.String)[pri:0, instance:testCases.TC001_AccountRegistrationTest@2102a4d5]" started-at="2024-08-06T19:50:39 IST" name="setup" finished-at="2024-08-06T19:51:00 IST" duration-ms="21012" status="PASS">
          <params>
            <param index="0">
              <value>
                <![CDATA[windows]]>
              </value>
            </param>
            <param index="1">
              <value>
                <![CDATA[chrome]]>
              </value>
            </param>
          </params>
          <reporter-output>
          </reporter-output>
        </test-method> <!-- setup -->
        <test-method signature="verifyAccountRegistration()[pri:0, instance:testCases.TC001_AccountRegistrationTest@2102a4d5]" started-at="2024-08-06T19:51:00 IST" name="verifyAccountRegistration" finished-at="2024-08-06T19:51:10 IST" duration-ms="10133" status="PASS">
          <reporter-output>
          </reporter-output>
        </test-method> <!-- verifyAccountRegistration -->
        <test-method is-config="true" signature="tearDown()[pri:0, instance:testCases.TC001_AccountRegistrationTest@2102a4d5]" started-at="2024-08-06T19:51:10 IST" name="tearDown" finished-at="2024-08-06T19:51:11 IST" duration-ms="940" status="PASS">
          <reporter-output>
          </reporter-output>
        </test-method> <!-- tearDown -->
      </class> <!-- testCases.TC001_AccountRegistrationTest -->
    </test> <!-- Test3 -->
  </suite> <!-- Suite -->
</testng-results>
